app/build/intermediates/manifest_merge_blame_file/debug/manifest-merger-blame-debug-report.txt
1<?xml version="1.0" encoding="utf-8"?>
2<manifest xmlns:android="http://schemas.android.com/apk/res/android"
3    package="com.avantadi.petagramCurso3Semana4"
4    android:versionCode="1"
5    android:versionName="1.0" >
6
7    <uses-sdk
8        android:minSdkVersion="19"
8-->src\main\AndroidManifest.xml
9        android:targetSdkVersion="30" />
9-->src\main\AndroidManifest.xml
10
11    <uses-permission android:name="android.permission.INTERNET" />
11-->src\main\AndroidManifest.xml:4:5-67
11-->src\main\AndroidManifest.xml:4:22-64
12
13    <application
13-->src\main\AndroidManifest.xml:5:5-49:19
14        android:allowBackup="true"
14-->src\main\AndroidManifest.xml:6:9-35
15        android:appComponentFactory="androidx.core.app.CoreComponentFactory"
15-->[androidx.core:core:1.3.1] AndroidManifest.xml:24:18-86
16        android:debuggable="true"
17        android:icon="@mipmap/ic_launcher"
17-->src\main\AndroidManifest.xml:7:9-43
18        android:label="@string/app_name"
18-->src\main\AndroidManifest.xml:8:9-41
19        android:roundIcon="@mipmap/ic_launcher_round"
19-->src\main\AndroidManifest.xml:9:9-54
20        android:supportsRtl="true"
20-->src\main\AndroidManifest.xml:10:9-35
21        android:testOnly="true"
22        android:theme="@style/AppTheme" >
22-->src\main\AndroidManifest.xml:11:9-40
23        <activity
23-->src\main\AndroidManifest.xml:12:9-21:20
24            android:name="com.avantadi.petagramCurso3Semana4.ContactoActivity"
24-->src\main\AndroidManifest.xml:13:13-45
25            android:label="@string/activity_name_ContactoActivity"
25-->src\main\AndroidManifest.xml:14:13-67
26            android:parentActivityName="com.avantadi.petagramCurso3Semana4.MainActivity" >
26-->src\main\AndroidManifest.xml:15:13-55
27
28            <!-- sporte para versiones 4.0 o menores -->
29            <meta-data
29-->src\main\AndroidManifest.xml:18:13-20:49
30                android:name="android.support.PARENT_ACTIVITY"
30-->src\main\AndroidManifest.xml:19:17-63
31                android:value=".MainActivity" />
31-->src\main\AndroidManifest.xml:20:17-46
32        </activity>
33        <activity
33-->src\main\AndroidManifest.xml:22:9-31:20
34            android:name="com.avantadi.petagramCurso3Semana4.AcercaDeActivity"
34-->src\main\AndroidManifest.xml:23:13-45
35            android:label="@string/activity_name_AcercaDeActivity"
35-->src\main\AndroidManifest.xml:24:13-67
36            android:parentActivityName="com.avantadi.petagramCurso3Semana4.MainActivity" >
36-->src\main\AndroidManifest.xml:25:13-55
37
38            <!-- sporte para versiones 4.0 o menores -->
39            <meta-data
39-->src\main\AndroidManifest.xml:18:13-20:49
40                android:name="android.support.PARENT_ACTIVITY"
40-->src\main\AndroidManifest.xml:19:17-63
41                android:value=".MainActivity" />
41-->src\main\AndroidManifest.xml:20:17-46
42        </activity>
43        <activity
43-->src\main\AndroidManifest.xml:32:9-41:20
44            android:name="com.avantadi.petagramCurso3Semana4.SegundaActividad"
44-->src\main\AndroidManifest.xml:33:13-45
45            android:label="@string/activity_name_segundaActividad"
45-->src\main\AndroidManifest.xml:34:13-67
46            android:parentActivityName="com.avantadi.petagramCurso3Semana4.MainActivity" >
46-->src\main\AndroidManifest.xml:35:13-55
47
48            <!-- sporte para versiones 4.0 o menores -->
49            <meta-data
49-->src\main\AndroidManifest.xml:18:13-20:49
50                android:name="android.support.PARENT_ACTIVITY"
50-->src\main\AndroidManifest.xml:19:17-63
51                android:value=".MainActivity" />
51-->src\main\AndroidManifest.xml:20:17-46
52        </activity>
53        <activity android:name="com.avantadi.petagramCurso3Semana4.MainActivity" >
53-->src\main\AndroidManifest.xml:42:9-48:20
53-->src\main\AndroidManifest.xml:42:19-47
54            <intent-filter>
54-->src\main\AndroidManifest.xml:43:13-47:29
55                <action android:name="android.intent.action.MAIN" />
55-->src\main\AndroidManifest.xml:44:17-69
55-->src\main\AndroidManifest.xml:44:25-66
56
57                <category android:name="android.intent.category.LAUNCHER" />
57-->src\main\AndroidManifest.xml:46:17-77
57-->src\main\AndroidManifest.xml:46:27-74
58            </intent-filter>
59        </activity>
60    </application>
61
62</manifest>